[debug] [2021-01-16T16:59:15.930Z] ----------------------------------------------------------------------
[debug] [2021-01-16T16:59:15.933Z] Command:       /usr/local/bin/node /usr/local/bin/firebase deploy
[debug] [2021-01-16T16:59:15.933Z] CLI Version:   9.2.1
[debug] [2021-01-16T16:59:15.934Z] Platform:      darwin
[debug] [2021-01-16T16:59:15.934Z] Node Version:  v10.15.3
[debug] [2021-01-16T16:59:15.935Z] Time:          Sat Jan 16 2021 22:29:15 GMT+0530 (India Standard Time)
[debug] [2021-01-16T16:59:15.935Z] ----------------------------------------------------------------------
[debug] [2021-01-16T16:59:15.935Z] 
[debug] [2021-01-16T16:59:15.955Z] > command requires scopes: ["email","openid","https://www.googleapis.com/auth/cloudplatformprojects.readonly","https://www.googleapis.com/auth/firebase","https://www.googleapis.com/auth/cloud-platform"]
[debug] [2021-01-16T16:59:15.955Z] > authorizing via signed-in user
[debug] [2021-01-16T16:59:15.955Z] [iam] checking project buzchat-bcf23 for permissions ["firebase.projects.get","firebasedatabase.instances.update","firebasehosting.sites.update"]
[debug] [2021-01-16T16:59:15.959Z] >>> HTTP REQUEST POST https://cloudresourcemanager.googleapis.com/v1/projects/buzchat-bcf23:testIamPermissions  
 {"permissions":["firebase.projects.get","firebasedatabase.instances.update","firebasehosting.sites.update"]}
[debug] [2021-01-16T16:59:17.793Z] <<< HTTP RESPONSE 200 {"content-type":"application/json; charset=UTF-8","vary":"X-Origin, Referer, Origin,Accept-Encoding","date":"Sat, 16 Jan 2021 16:59:18 GMT","server":"ESF","cache-control":"private","x-xss-protection":"0","x-frame-options":"SAMEORIGIN","x-content-type-options":"nosniff","server-timing":"gfet4t7; dur=1201","alt-svc":"h3-29=\":443\"; ma=2592000,h3-T051=\":443\"; ma=2592000,h3-Q050=\":443\"; ma=2592000,h3-Q046=\":443\"; ma=2592000,h3-Q043=\":443\"; ma=2592000,quic=\":443\"; ma=2592000; v=\"46,43\"","accept-ranges":"none","transfer-encoding":"chunked"}
[debug] [2021-01-16T16:59:17.797Z] > refreshing access token with scopes: []
[debug] [2021-01-16T16:59:17.798Z] >>> HTTP REQUEST POST https://www.googleapis.com/oauth2/v3/token  
 <request body omitted>
[debug] [2021-01-16T16:59:18.193Z] <<< HTTP RESPONSE 200 {"pragma":"no-cache","expires":"Mon, 01 Jan 1990 00:00:00 GMT","date":"Sat, 16 Jan 2021 16:59:19 GMT","cache-control":"no-cache, no-store, max-age=0, must-revalidate","content-type":"application/json; charset=utf-8","vary":"X-Origin, Referer, Origin,Accept-Encoding","server":"scaffolding on HTTPServer2","x-xss-protection":"0","x-frame-options":"SAMEORIGIN","x-content-type-options":"nosniff","alt-svc":"h3-29=\":443\"; ma=2592000,h3-T051=\":443\"; ma=2592000,h3-Q050=\":443\"; ma=2592000,h3-Q046=\":443\"; ma=2592000,h3-Q043=\":443\"; ma=2592000,quic=\":443\"; ma=2592000; v=\"46,43\"","accept-ranges":"none","transfer-encoding":"chunked"}
[debug] [2021-01-16T16:59:18.220Z] >>> [apiv2][query] GET https://firebase.googleapis.com/v1beta1/projects/buzchat-bcf23 [none]
[debug] [2021-01-16T16:59:19.024Z] <<< [apiv2][status] GET https://firebase.googleapis.com/v1beta1/projects/buzchat-bcf23 200
[debug] [2021-01-16T16:59:19.025Z] <<< [apiv2][body] GET https://firebase.googleapis.com/v1beta1/projects/buzchat-bcf23 {"projectId":"buzchat-bcf23","projectNumber":"640695160081","displayName":"buzChat","name":"projects/buzchat-bcf23","resources":{"hostingSite":"buzchat-bcf23","realtimeDatabaseInstance":"buzchat-bcf23-default-rtdb","storageBucket":"buzchat-bcf23.appspot.com","locationId":"europe-west"},"state":"ACTIVE"}
[debug] [2021-01-16T16:59:19.026Z] >>> [apiv2][query] GET https://firebase.googleapis.com/v1beta1/projects/buzchat-bcf23 [none]
[debug] [2021-01-16T16:59:19.660Z] <<< [apiv2][status] GET https://firebase.googleapis.com/v1beta1/projects/buzchat-bcf23 200
[debug] [2021-01-16T16:59:19.661Z] <<< [apiv2][body] GET https://firebase.googleapis.com/v1beta1/projects/buzchat-bcf23 {"projectId":"buzchat-bcf23","projectNumber":"640695160081","displayName":"buzChat","name":"projects/buzchat-bcf23","resources":{"hostingSite":"buzchat-bcf23","realtimeDatabaseInstance":"buzchat-bcf23-default-rtdb","storageBucket":"buzchat-bcf23.appspot.com","locationId":"europe-west"},"state":"ACTIVE"}
[info] 
[info] === Deploying to 'buzchat-bcf23'...
[info] 
[info] i  deploying database, hosting 
[info] i  database: checking rules syntax... 
[debug] [2021-01-16T16:59:19.670Z] > refreshing access token with scopes: ["email","https://www.googleapis.com/auth/cloud-platform","https://www.googleapis.com/auth/cloudplatformprojects.readonly","https://www.googleapis.com/auth/firebase","openid"]
[debug] [2021-01-16T16:59:19.670Z] >>> HTTP REQUEST POST https://www.googleapis.com/oauth2/v3/token  
 <request body omitted>
[debug] [2021-01-16T16:59:19.954Z] <<< HTTP RESPONSE 200 {"expires":"Mon, 01 Jan 1990 00:00:00 GMT","pragma":"no-cache","date":"Sat, 16 Jan 2021 16:59:21 GMT","cache-control":"no-cache, no-store, max-age=0, must-revalidate","content-type":"application/json; charset=utf-8","vary":"X-Origin, Referer, Origin,Accept-Encoding","server":"scaffolding on HTTPServer2","x-xss-protection":"0","x-frame-options":"SAMEORIGIN","x-content-type-options":"nosniff","alt-svc":"h3-29=\":443\"; ma=2592000,h3-T051=\":443\"; ma=2592000,h3-Q050=\":443\"; ma=2592000,h3-Q046=\":443\"; ma=2592000,h3-Q043=\":443\"; ma=2592000,quic=\":443\"; ma=2592000; v=\"46,43\"","accept-ranges":"none","transfer-encoding":"chunked"}
[debug] [2021-01-16T16:59:19.976Z] >>> HTTP REQUEST GET https://firebasedatabase.googleapis.com/v1beta/projects/buzchat-bcf23/locations/-/instances/buzchat-bcf23-default-rtdb  
 
[debug] [2021-01-16T16:59:21.061Z] <<< HTTP RESPONSE 200 {"content-type":"application/json; charset=UTF-8","vary":"X-Origin, Referer, Origin,Accept-Encoding","date":"Sat, 16 Jan 2021 16:59:22 GMT","server":"ESF","cache-control":"private","x-xss-protection":"0","x-frame-options":"SAMEORIGIN","x-content-type-options":"nosniff","alt-svc":"h3-29=\":443\"; ma=2592000,h3-T051=\":443\"; ma=2592000,h3-Q050=\":443\"; ma=2592000,h3-Q046=\":443\"; ma=2592000,h3-Q043=\":443\"; ma=2592000,quic=\":443\"; ma=2592000; v=\"46,43\"","accept-ranges":"none","transfer-encoding":"chunked"}
[debug] [2021-01-16T16:59:21.067Z] >>> HTTP REQUEST PUT https://buzchat-bcf23-default-rtdb.europe-west1.firebasedatabase.app/.settings/rules.json?dryRun=true  
 {
  /* Visit https://firebase.google.com/docs/database/security to learn more about security rules. */
  "rules": {
    ".read": false,
    ".write": false
  }
}
[debug] [2021-01-16T16:59:22.903Z] <<< HTTP RESPONSE 200 {"server":"nginx","date":"Sat, 16 Jan 2021 16:59:24 GMT","content-type":"application/json; charset=utf-8","content-length":"15","connection":"keep-alive","access-control-allow-origin":"*","cache-control":"no-cache","strict-transport-security":"max-age=31556926; includeSubDomains; preload"}
[info] ✔  database: rules syntax for database buzchat-bcf23-default-rtdb is valid 
[debug] [2021-01-16T16:59:22.909Z] >>> HTTP REQUEST POST https://firebasehosting.googleapis.com/v1beta1/sites/buzchat-bcf23/versions  
 {"config":{},"labels":{"deployment-tool":"cli-firebase"}}
[debug] [2021-01-16T17:00:39.365Z] Error: connect ETIMEDOUT 216.58.200.138:443
    at TCPConnectWrap.afterConnect [as oncomplete] (net.js:1097:14)
[error] 
[error] Error: Server Error. connect ETIMEDOUT 216.58.200.138:443
